{"C:\\Users\\losth\\Documents\\roblox-price-tracker\\src\\main\\alerts.js": {"path":"C:\\Users\\losth\\Documents\\roblox-price-tracker\\src\\main\\alerts.js","statementMap":{"0":{"start":{"line":4,"column":4},"end":{"line":4,"column":88}},"1":{"start":{"line":4,"column":75},"end":{"line":4,"column":88}},"2":{"start":{"line":7,"column":4},"end":{"line":7,"column":36}},"3":{"start":{"line":11,"column":0},"end":{"line":11,"column":37}}},"fnMap":{"0":{"name":"checkPriceAlert","decl":{"start":{"line":2,"column":9},"end":{"line":2,"column":24}},"loc":{"start":{"line":2,"column":50},"end":{"line":8,"column":1}},"line":2}},"branchMap":{"0":{"loc":{"start":{"line":4,"column":4},"end":{"line":4,"column":88}},"type":"if","locations":[{"start":{"line":4,"column":4},"end":{"line":4,"column":88}},{"start":{},"end":{}}],"line":4},"1":{"loc":{"start":{"line":4,"column":8},"end":{"line":4,"column":73}},"type":"binary-expr","locations":[{"start":{"line":4,"column":8},"end":{"line":4,"column":40}},{"start":{"line":4,"column":44},"end":{"line":4,"column":73}}],"line":4}},"s":{"0":3,"1":0,"2":3,"3":1},"f":{"0":3},"b":{"0":[0,3],"1":[3,3]},"_coverageSchema":"1a1c01bbd47fc00a2c39e90264f33305004495a9","hash":"f534645b8f63000927927602ee58afac9133c851"}
,"C:\\Users\\losth\\Documents\\roblox-price-tracker\\src\\main\\api.js": {"path":"C:\\Users\\losth\\Documents\\roblox-price-tracker\\src\\main\\api.js","statementMap":{"0":{"start":{"line":4,"column":14},"end":{"line":4,"column":35}},"1":{"start":{"line":7,"column":0},"end":{"line":7,"column":27}},"2":{"start":{"line":10,"column":21},"end":{"line":10,"column":45}},"3":{"start":{"line":17,"column":16},"end":{"line":17,"column":74}},"4":{"start":{"line":19,"column":4},"end":{"line":44,"column":5}},"5":{"start":{"line":20,"column":25},"end":{"line":25,"column":10}},"6":{"start":{"line":28,"column":8},"end":{"line":30,"column":9}},"7":{"start":{"line":29,"column":12},"end":{"line":29,"column":70}},"8":{"start":{"line":33,"column":21},"end":{"line":33,"column":42}},"9":{"start":{"line":36,"column":23},"end":{"line":36,"column":52}},"10":{"start":{"line":39,"column":8},"end":{"line":39,"column":41}},"11":{"start":{"line":42,"column":8},"end":{"line":42,"column":73}},"12":{"start":{"line":43,"column":8},"end":{"line":43,"column":20}},"13":{"start":{"line":48,"column":0},"end":{"line":48,"column":39}}},"fnMap":{"0":{"name":"fetchLimitedPrice","decl":{"start":{"line":16,"column":15},"end":{"line":16,"column":32}},"loc":{"start":{"line":16,"column":41},"end":{"line":45,"column":1}},"line":16}},"branchMap":{"0":{"loc":{"start":{"line":28,"column":8},"end":{"line":30,"column":9}},"type":"if","locations":[{"start":{"line":28,"column":8},"end":{"line":30,"column":9}},{"start":{},"end":{}}],"line":28},"1":{"loc":{"start":{"line":36,"column":23},"end":{"line":36,"column":52}},"type":"binary-expr","locations":[{"start":{"line":36,"column":23},"end":{"line":36,"column":44}},{"start":{"line":36,"column":48},"end":{"line":36,"column":52}}],"line":36}},"s":{"0":1,"1":1,"2":1,"3":6,"4":6,"5":6,"6":5,"7":2,"8":3,"9":1,"10":1,"11":5,"12":5,"13":1},"f":{"0":6},"b":{"0":[2,3],"1":[1,0]},"_coverageSchema":"1a1c01bbd47fc00a2c39e90264f33305004495a9","hash":"fc083a6f83e2022973db1501697837857d5da029"}
,"C:\\Users\\losth\\Documents\\roblox-price-tracker\\src\\shared\\utils.js": {"path":"C:\\Users\\losth\\Documents\\roblox-price-tracker\\src\\shared\\utils.js","statementMap":{"0":{"start":{"line":9,"column":4},"end":{"line":12,"column":6}},"1":{"start":{"line":10,"column":8},"end":{"line":10,"column":32}},"2":{"start":{"line":11,"column":8},"end":{"line":11,"column":68}},"3":{"start":{"line":11,"column":37},"end":{"line":11,"column":59}},"4":{"start":{"line":19,"column":4},"end":{"line":19,"column":61}},"5":{"start":{"line":27,"column":21},"end":{"line":27,"column":22}},"6":{"start":{"line":28,"column":4},"end":{"line":34,"column":6}},"7":{"start":{"line":29,"column":20},"end":{"line":29,"column":30}},"8":{"start":{"line":30,"column":8},"end":{"line":33,"column":9}},"9":{"start":{"line":31,"column":12},"end":{"line":31,"column":29}},"10":{"start":{"line":32,"column":12},"end":{"line":32,"column":24}},"11":{"start":{"line":41,"column":22},"end":{"line":41,"column":23}},"12":{"start":{"line":44,"column":16},"end":{"line":44,"column":26}},"13":{"start":{"line":45,"column":4},"end":{"line":48,"column":5}},"14":{"start":{"line":46,"column":8},"end":{"line":46,"column":30}},"15":{"start":{"line":47,"column":8},"end":{"line":47,"column":20}},"16":{"start":{"line":49,"column":4},"end":{"line":49,"column":17}},"17":{"start":{"line":53,"column":0},"end":{"line":58,"column":2}}},"fnMap":{"0":{"name":"debounce","decl":{"start":{"line":7,"column":9},"end":{"line":7,"column":17}},"loc":{"start":{"line":7,"column":31},"end":{"line":13,"column":1}},"line":7},"1":{"name":"(anonymous_1)","decl":{"start":{"line":9,"column":11},"end":{"line":9,"column":12}},"loc":{"start":{"line":9,"column":30},"end":{"line":12,"column":5}},"line":9},"2":{"name":"(anonymous_2)","decl":{"start":{"line":11,"column":31},"end":{"line":11,"column":32}},"loc":{"start":{"line":11,"column":37},"end":{"line":11,"column":59}},"line":11},"3":{"name":"formatPrice","decl":{"start":{"line":18,"column":9},"end":{"line":18,"column":20}},"loc":{"start":{"line":18,"column":26},"end":{"line":20,"column":1}},"line":18},"4":{"name":"cooldown","decl":{"start":{"line":26,"column":9},"end":{"line":26,"column":17}},"loc":{"start":{"line":26,"column":37},"end":{"line":35,"column":1}},"line":26},"5":{"name":"(anonymous_5)","decl":{"start":{"line":28,"column":11},"end":{"line":28,"column":12}},"loc":{"start":{"line":28,"column":24},"end":{"line":34,"column":5}},"line":28},"6":{"name":"canRefresh","decl":{"start":{"line":43,"column":9},"end":{"line":43,"column":19}},"loc":{"start":{"line":43,"column":22},"end":{"line":50,"column":1}},"line":43}},"branchMap":{"0":{"loc":{"start":{"line":19,"column":11},"end":{"line":19,"column":60}},"type":"cond-expr","locations":[{"start":{"line":19,"column":17},"end":{"line":19,"column":52}},{"start":{"line":19,"column":55},"end":{"line":19,"column":60}}],"line":19},"1":{"loc":{"start":{"line":26,"column":22},"end":{"line":26,"column":35}},"type":"default-arg","locations":[{"start":{"line":26,"column":30},"end":{"line":26,"column":35}}],"line":26},"2":{"loc":{"start":{"line":30,"column":8},"end":{"line":33,"column":9}},"type":"if","locations":[{"start":{"line":30,"column":8},"end":{"line":33,"column":9}},{"start":{},"end":{}}],"line":30},"3":{"loc":{"start":{"line":45,"column":4},"end":{"line":48,"column":5}},"type":"if","locations":[{"start":{"line":45,"column":4},"end":{"line":48,"column":5}},{"start":{},"end":{}}],"line":45}},"s":{"0":1,"1":2,"2":2,"3":1,"4":0,"5":1,"6":1,"7":4,"8":4,"9":2,"10":2,"11":1,"12":0,"13":0,"14":0,"15":0,"16":0,"17":1},"f":{"0":1,"1":2,"2":1,"3":0,"4":1,"5":4,"6":0},"b":{"0":[0,0],"1":[0],"2":[2,2],"3":[0,0]},"_coverageSchema":"1a1c01bbd47fc00a2c39e90264f33305004495a9","hash":"07a4014f2340c30b63b5ab1db18160aafed3d749"}
}
