TN:
SF:src\main\alerts.js
FN:2,checkPriceAlert
FNF:1
FNH:1
FNDA:3,checkPriceAlert
DA:4,3
DA:7,3
DA:11,1
LF:3
LH:3
BRDA:4,0,0,0
BRDA:4,0,1,3
BRDA:4,1,0,3
BRDA:4,1,1,3
BRF:4
BRH:3
end_of_record
TN:
SF:src\main\api.js
FN:16,fetchLimitedPrice
FNF:1
FNH:1
FNDA:6,fetchLimitedPrice
DA:4,1
DA:7,1
DA:10,1
DA:17,6
DA:19,6
DA:20,6
DA:28,5
DA:29,2
DA:33,3
DA:36,1
DA:39,1
DA:42,5
DA:43,5
DA:48,1
LF:14
LH:14
BRDA:28,0,0,2
BRDA:28,0,1,3
BRDA:36,1,0,1
BRDA:36,1,1,0
BRF:4
BRH:3
end_of_record
TN:
SF:src\shared\utils.js
FN:7,debounce
FN:9,(anonymous_1)
FN:11,(anonymous_2)
FN:18,formatPrice
FN:26,cooldown
FN:28,(anonymous_5)
FN:43,canRefresh
FNF:7
FNH:7
FNDA:1,debounce
FNDA:2,(anonymous_1)
FNDA:1,(anonymous_2)
FNDA:5,formatPrice
FNDA:1,cooldown
FNDA:4,(anonymous_5)
FNDA:4,canRefresh
DA:9,1
DA:10,2
DA:11,2
DA:19,5
DA:27,1
DA:28,1
DA:29,4
DA:30,4
DA:31,2
DA:32,2
DA:41,1
DA:44,4
DA:45,4
DA:46,2
DA:47,2
DA:49,2
DA:53,1
LF:17
LH:17
BRDA:19,0,0,2
BRDA:19,0,1,3
BRDA:26,1,0,0
BRDA:30,2,0,2
BRDA:30,2,1,2
BRDA:45,3,0,2
BRDA:45,3,1,2
BRF:7
BRH:6
end_of_record
